<?xml version="1.0" encoding="UTF-8" standalone="no"?>
<!DOCTYPE log SYSTEM "logger.dtd">
<log>
<record>
  <date>2018-10-30T15:26:15</date>
  <millis>1540923975965</millis>
  <sequence>0</sequence>
  <level>START</level>
  <class>com.kms.katalon.core.logging.KeywordLogger</class>
  <method>startSuite</method>
  <thread>1</thread>
  <message>Start Test Suite : Test Suites/Prestaciones</message>
  <nestedLevel>0</nestedLevel>
  <property name="name">Prestaciones</property>
  <property name="description"></property>
  <property name="id">Test Suites/Prestaciones</property>
</record>
<record>
  <date>2018-10-30T15:26:16</date>
  <millis>1540923976020</millis>
  <sequence>1</sequence>
  <level>RUN_DATA</level>
  <class>com.kms.katalon.core.logging.KeywordLogger</class>
  <method>logMessage</method>
  <thread>1</thread>
  <message>Logging run data &amp;apos;hostName&amp;apos; with value &amp;apos;ntedesco - SMSL044.smsargentina.com.ar&amp;apos;</message>
  <nestedLevel>0</nestedLevel>
  <property name="hostName">ntedesco - SMSL044.smsargentina.com.ar</property>
</record>
<record>
  <date>2018-10-30T15:26:16</date>
  <millis>1540923976022</millis>
  <sequence>2</sequence>
  <level>RUN_DATA</level>
  <class>com.kms.katalon.core.logging.KeywordLogger</class>
  <method>logMessage</method>
  <thread>1</thread>
  <message>Logging run data &amp;apos;os&amp;apos; with value &amp;apos;Windows 10 32bit&amp;apos;</message>
  <nestedLevel>0</nestedLevel>
  <property name="os">Windows 10 32bit</property>
</record>
<record>
  <date>2018-10-30T15:26:16</date>
  <millis>1540923976023</millis>
  <sequence>3</sequence>
  <level>RUN_DATA</level>
  <class>com.kms.katalon.core.logging.KeywordLogger</class>
  <method>logMessage</method>
  <thread>1</thread>
  <message>Logging run data &amp;apos;hostAddress&amp;apos; with value &amp;apos;100.1.10.106&amp;apos;</message>
  <nestedLevel>0</nestedLevel>
  <property name="hostAddress">100.1.10.106</property>
</record>
<record>
  <date>2018-10-30T15:26:16</date>
  <millis>1540923976026</millis>
  <sequence>4</sequence>
  <level>RUN_DATA</level>
  <class>com.kms.katalon.core.logging.KeywordLogger</class>
  <method>logMessage</method>
  <thread>1</thread>
  <message>Logging run data &amp;apos;katalonVersion&amp;apos; with value &amp;apos;5.7.1.1&amp;apos;</message>
  <nestedLevel>0</nestedLevel>
  <property name="katalonVersion">5.7.1.1</property>
</record>
<record>
  <date>2018-10-30T15:26:16</date>
  <millis>1540923976698</millis>
  <sequence>5</sequence>
  <level>START</level>
  <class>com.kms.katalon.core.logging.KeywordLogger</class>
  <method>startTest</method>
  <thread>1</thread>
  <message>Start Test Case : Test Cases/Test Buscar Prestadores - Prestador</message>
  <nestedLevel>1</nestedLevel>
  <property name="name">Test Cases/Test Buscar Prestadores - Prestador</property>
  <property name="description"></property>
  <property name="id">Test Cases/Test Buscar Prestadores - Prestador</property>
  <property name="source">C:\\Users\\ntedesco\\Katalon Studio\\GenesisCobertura\\Test Cases\\Test Buscar Prestadores - Prestador.tc</property>
  <property name="isOptional">false</property>
</record>
<record>
  <date>2018-10-30T15:26:16</date>
  <millis>1540923976795</millis>
  <sequence>6</sequence>
  <level>INFO</level>
  <class>com.kms.katalon.core.logging.KeywordLogger</class>
  <method>logMessage</method>
  <thread>1</thread>
  <message>Evaluating variables for test case</message>
  <nestedLevel>1</nestedLevel>
</record>
<record>
  <date>2018-10-30T15:26:16</date>
  <millis>1540923976940</millis>
  <sequence>7</sequence>
  <level>INFO</level>
  <class>com.kms.katalon.core.logging.KeywordLogger</class>
  <method>logMessage</method>
  <thread>1</thread>
  <message>Variable &amp;apos;nroSocio&amp;apos; is set to 60609272102  as default</message>
  <nestedLevel>1</nestedLevel>
</record>
<record>
  <date>2018-10-30T15:26:16</date>
  <millis>1540923976956</millis>
  <sequence>8</sequence>
  <level>INFO</level>
  <class>com.kms.katalon.core.logging.KeywordLogger</class>
  <method>logMessage</method>
  <thread>1</thread>
  <message>Variable &amp;apos;busqPrestacion&amp;apos; is set to 250102 as default</message>
  <nestedLevel>1</nestedLevel>
</record>
<record>
  <date>2018-10-30T15:26:16</date>
  <millis>1540923976968</millis>
  <sequence>9</sequence>
  <level>INFO</level>
  <class>com.kms.katalon.core.logging.KeywordLogger</class>
  <method>logMessage</method>
  <thread>1</thread>
  <message>Variable &amp;apos;contexto&amp;apos; is set to A as default</message>
  <nestedLevel>1</nestedLevel>
</record>
<record>
  <date>2018-10-30T15:26:16</date>
  <millis>1540923976984</millis>
  <sequence>10</sequence>
  <level>INFO</level>
  <class>com.kms.katalon.core.logging.KeywordLogger</class>
  <method>logMessage</method>
  <thread>1</thread>
  <message>Variable &amp;apos;filial&amp;apos; is set to 23 as default</message>
  <nestedLevel>1</nestedLevel>
</record>
<record>
  <date>2018-10-30T15:26:16</date>
  <millis>1540923976998</millis>
  <sequence>11</sequence>
  <level>INFO</level>
  <class>com.kms.katalon.core.logging.KeywordLogger</class>
  <method>logMessage</method>
  <thread>1</thread>
  <message>Variable &amp;apos;prestador&amp;apos; is set to ARROYOS as default</message>
  <nestedLevel>1</nestedLevel>
</record>
<record>
  <date>2018-10-30T15:26:17</date>
  <millis>1540923977017</millis>
  <sequence>12</sequence>
  <level>INFO</level>
  <class>com.kms.katalon.core.logging.KeywordLogger</class>
  <method>logMessage</method>
  <thread>1</thread>
  <message>Variable &amp;apos;email&amp;apos; is set to ntedesco@sms-latam.com as default</message>
  <nestedLevel>1</nestedLevel>
</record>
<record>
  <date>2018-10-30T15:26:18</date>
  <millis>1540923978129</millis>
  <sequence>13</sequence>
  <level>START</level>
  <class>com.kms.katalon.core.logging.KeywordLogger</class>
  <method>startKeyword</method>
  <thread>1</thread>
  <message>Start action : openBrowser</message>
  <nestedLevel>1</nestedLevel>
  <property name="startLine">27</property>
  <property name="stepIndex">1</property>
</record>
<record>
  <date>2018-10-30T15:26:18</date>
  <millis>1540923978597</millis>
  <sequence>14</sequence>
  <level>INFO</level>
  <class>com.kms.katalon.core.logging.KeywordLogger</class>
  <method>logMessage</method>
  <thread>1</thread>
  <message>Opening browser</message>
  <nestedLevel>1</nestedLevel>
</record>
</log>